{"level":"info","message":"Express server running","service":"user-service","timestamp":"2023-05-15T19:16:09.557Z"}
{"level":"info","message":"Express server running","service":"user-service","timestamp":"2023-05-15T19:17:13.875Z"}
{"level":"info","message":"Express server running","service":"user-service","timestamp":"2023-05-15T19:18:55.979Z"}
{"level":"info","message":"Express server running","service":"user-service","timestamp":"2023-05-15T19:59:02.398Z"}
{"level":"info","message":"Express server running","service":"user-service","timestamp":"2023-05-15T20:00:28.304Z"}
{"level":"info","message":"Express server running","service":"user-service","timestamp":"2023-05-15T20:01:46.920Z"}
{"level":"info","message":"Express server running","service":"user-service","timestamp":"2023-05-15T20:02:38.148Z"}
{"level":"info","message":"Express server running","service":"user-service","timestamp":"2023-05-15T20:03:40.404Z"}
{"level":"info","message":"Express server running","service":"user-service","timestamp":"2023-05-15T20:04:19.175Z"}
{"level":"info","message":"Express server running","service":"user-service","timestamp":"2023-05-15T20:07:01.638Z"}
{"level":"info","message":"Express server running","service":"user-service","timestamp":"2023-05-15T20:16:19.287Z"}
{"level":"info","message":"Express server running","service":"user-service","timestamp":"2023-05-15T21:11:56.245Z"}
{"level":"info","message":"Express server running","service":"user-service","timestamp":"2023-05-15T21:26:00.804Z"}
{"level":"info","message":"Express server running","service":"user-service","timestamp":"2023-05-15T21:27:45.421Z"}
{"level":"info","message":"Express server running","service":"user-service","timestamp":"2023-05-15T21:29:08.666Z"}
{"level":"info","message":"Express server running","service":"user-service","timestamp":"2023-05-15T21:30:47.459Z"}
{"level":"info","message":"Express server running","service":"user-service","timestamp":"2023-05-15T21:45:21.119Z"}
{"level":"info","message":"Express server running","service":"user-service","timestamp":"2023-05-15T21:47:06.539Z"}
{"level":"info","message":"Express server running","service":"user-service","timestamp":"2023-05-15T21:50:19.120Z"}
{"level":"info","message":"Express server running","service":"user-service","timestamp":"2023-05-15T21:53:06.998Z"}
{"level":"info","message":"Express server running","service":"user-service","timestamp":"2023-05-15T21:53:30.680Z"}
{"level":"info","message":"Express server running","service":"user-service","timestamp":"2023-05-15T21:53:41.538Z"}
{"level":"info","message":"Express server running","service":"user-service","timestamp":"2023-05-15T21:56:02.593Z"}
{"level":"info","message":"Express server running","service":"user-service","timestamp":"2023-05-15T21:58:07.138Z"}
{"level":"info","message":"Express server running","service":"user-service","timestamp":"2023-05-15T21:58:24.953Z"}
{"level":"info","message":"Express server running","service":"user-service","timestamp":"2023-05-15T21:59:51.879Z"}
{"level":"info","message":"Express server running","service":"user-service","timestamp":"2023-05-15T22:00:37.009Z"}
{"level":"info","message":"Express server running","service":"user-service","timestamp":"2023-05-15T22:01:23.208Z"}
{"level":"info","message":"Express server running","service":"user-service","timestamp":"2023-05-15T22:03:50.890Z"}
{"level":"info","message":"Express server running","service":"user-service","timestamp":"2023-05-15T22:04:13.441Z"}
{"level":"info","message":"Express server running","service":"user-service","timestamp":"2023-05-15T22:04:28.486Z"}
{"level":"info","message":"Express server running","service":"user-service","timestamp":"2023-05-15T22:05:57.724Z"}
{"level":"info","message":"Express server running","service":"user-service","timestamp":"2023-05-15T22:07:52.494Z"}
{"level":"info","message":"Express server running","service":"user-service","timestamp":"2023-05-15T22:15:17.873Z"}
{"level":"info","message":"Express server running","service":"user-service","timestamp":"2023-05-15T22:15:27.706Z"}
{"level":"info","message":"Express server running","service":"user-service","timestamp":"2023-05-15T22:15:54.404Z"}
{"level":"info","message":"Express server running","service":"user-service","timestamp":"2023-05-15T22:16:08.972Z"}
{"level":"info","message":"Express server running","service":"user-service","timestamp":"2023-05-15T22:18:30.985Z"}
{"level":"info","message":"Express server running","service":"user-service","timestamp":"2023-05-15T22:18:42.767Z"}
{"level":"info","message":"Express server running","service":"user-service","timestamp":"2023-05-15T22:19:56.407Z"}
{"level":"info","message":"Express server running","service":"user-service","timestamp":"2023-05-15T22:21:07.563Z"}
{"level":"info","message":"Express server running","service":"user-service","timestamp":"2023-05-15T22:23:30.667Z"}
{"level":"info","message":"Express server running","service":"user-service","timestamp":"2023-05-15T22:24:20.931Z"}
{"level":"info","message":"Express server running","service":"user-service","timestamp":"2023-05-15T22:29:27.492Z"}
{"level":"info","message":"Express server running","service":"user-service","timestamp":"2023-05-15T22:29:39.576Z"}
{"level":"info","message":"Express server running","service":"user-service","timestamp":"2023-05-15T22:30:22.413Z"}
{"level":"info","message":"Express server running","service":"user-service","timestamp":"2023-05-15T22:31:21.210Z"}
{"level":"info","message":"Express server running","service":"user-service","timestamp":"2023-05-15T22:32:47.889Z"}
{"level":"info","message":"Express server running","service":"user-service","timestamp":"2023-05-15T22:32:58.661Z"}
{"level":"info","message":"Express server running","service":"user-service","timestamp":"2023-05-15T22:36:05.201Z"}
{"level":"info","message":"Express server running","service":"user-service","timestamp":"2023-05-15T22:41:53.073Z"}
{"level":"info","message":"Express server running","service":"user-service","timestamp":"2023-05-15T22:43:38.428Z"}
{"level":"info","message":"Express server running","service":"user-service","timestamp":"2023-05-15T22:43:43.703Z"}
{"level":"info","message":"Express server running","service":"user-service","timestamp":"2023-05-15T22:44:25.790Z"}
{"level":"info","message":"Express server running","service":"user-service","timestamp":"2023-05-15T22:48:04.393Z"}
{"level":"info","message":"Express server running","service":"user-service","timestamp":"2023-05-15T22:49:04.927Z"}
{"level":"info","message":"Express server running","service":"user-service","timestamp":"2023-05-15T22:49:45.827Z"}
{"level":"info","message":"Express server running","service":"user-service","timestamp":"2023-05-15T22:50:07.703Z"}
{"level":"info","message":"Express server running","service":"user-service","timestamp":"2023-05-15T22:51:03.537Z"}
{"level":"info","message":"Express server running","service":"user-service","timestamp":"2023-05-15T22:56:53.767Z"}
{"level":"info","message":"Express server running","service":"user-service","timestamp":"2023-05-15T23:07:56.858Z"}
{"level":"info","message":"Express server running","service":"user-service","timestamp":"2023-05-15T23:15:30.553Z"}
{"level":"info","message":"Express server running","service":"user-service","timestamp":"2023-05-15T23:16:25.566Z"}
{"level":"info","message":"Express server running","service":"user-service","timestamp":"2023-05-15T23:23:16.605Z"}
{"level":"info","message":"Express server running","service":"user-service","timestamp":"2023-05-15T23:27:21.714Z"}
{"level":"info","message":"Express server running","service":"user-service","timestamp":"2023-05-15T23:27:35.701Z"}
{"level":"info","message":"Express server running","service":"user-service","timestamp":"2023-05-15T23:28:41.423Z"}
{"level":"info","message":"Express server running","service":"user-service","timestamp":"2023-05-15T23:30:03.808Z"}
{"level":"info","message":"Express server running","service":"user-service","timestamp":"2023-05-15T23:30:11.320Z"}
{"level":"info","message":"Express server running","service":"user-service","timestamp":"2023-05-15T23:32:00.459Z"}
{"level":"info","message":"Express server running","service":"user-service","timestamp":"2023-05-15T23:33:02.066Z"}
{"level":"info","message":"Express server running","service":"user-service","timestamp":"2023-05-15T23:34:54.400Z"}
{"level":"info","message":"Express server running","service":"user-service","timestamp":"2023-05-15T23:36:06.386Z"}
{"level":"info","message":"Express server running","service":"user-service","timestamp":"2023-05-15T23:36:52.262Z"}
{"level":"info","message":"Express server running","service":"user-service","timestamp":"2023-05-15T23:37:46.015Z"}
{"level":"info","message":"Express server running","service":"user-service","timestamp":"2023-05-16T18:00:47.292Z"}
{"level":"info","message":"Express server running","service":"user-service","timestamp":"2023-05-16T18:03:09.750Z"}
{"level":"info","message":"Express server running","service":"user-service","timestamp":"2023-05-15T23:46:47.382Z"}
{"level":"info","message":"Express server running","service":"user-service","timestamp":"2023-05-15T23:47:02.794Z"}
{"code":404,"level":"error","message":"error sucedio Talento no encontrado.","service":"user-service","stack":"Error: Talento no encontrado.\n    at getTalentById (C:\\Users\\styve\\Desktop\\Pasantia\\Pasantia 3\\talendig-campus-provisional-backend\\services\\TalentoService.js:546:11)\n    at Function.handleRequest (C:\\Users\\styve\\Desktop\\Pasantia\\Pasantia 3\\talendig-campus-provisional-backend\\controllers\\Controller.js:105:37)\n    at getTalentById (C:\\Users\\styve\\Desktop\\Pasantia\\Pasantia 3\\talendig-campus-provisional-backend\\controllers\\TalentoController.js:112:20)\n    at newFn (C:\\Users\\styve\\Desktop\\Pasantia\\Pasantia 3\\talendig-campus-provisional-backend\\node_modules\\express-async-errors\\index.js:16:20)\n    at Layer.handle [as handle_request] (C:\\Users\\styve\\Desktop\\Pasantia\\Pasantia 3\\talendig-campus-provisional-backend\\node_modules\\express\\lib\\router\\layer.js:95:5)\n    at next (C:\\Users\\styve\\Desktop\\Pasantia\\Pasantia 3\\talendig-campus-provisional-backend\\node_modules\\express\\lib\\router\\route.js:144:13)\n    at Route.dispatch (C:\\Users\\styve\\Desktop\\Pasantia\\Pasantia 3\\talendig-campus-provisional-backend\\node_modules\\express\\lib\\router\\route.js:114:3)\n    at newFn (C:\\Users\\styve\\Desktop\\Pasantia\\Pasantia 3\\talendig-campus-provisional-backend\\node_modules\\express-async-errors\\index.js:16:20)\n    at Layer.handle [as handle_request] (C:\\Users\\styve\\Desktop\\Pasantia\\Pasantia 3\\talendig-campus-provisional-backend\\node_modules\\express\\lib\\router\\layer.js:95:5)\n    at C:\\Users\\styve\\Desktop\\Pasantia\\Pasantia 3\\talendig-campus-provisional-backend\\node_modules\\express\\lib\\router\\index.js:284:15","timestamp":"2023-05-15T23:47:34.745Z"}
{"level":"info","message":"Express server running","service":"user-service","timestamp":"2023-05-17T01:06:22.169Z"}
{"level":"info","message":"Express server running","service":"user-service","timestamp":"2023-05-17T20:27:29.917Z"}
{"level":"error","message":"error sucedio UserSchema.schema.obj is not a function","service":"user-service","stack":"TypeError: UserSchema.schema.obj is not a function\n    at addUser (C:\\Users\\styve\\Desktop\\Pasantia\\Pasantia 3\\talendig-campus-provisional-backend\\services\\UsuarioService.js:18:33)\n    at Function.handleRequest (C:\\Users\\styve\\Desktop\\Pasantia\\Pasantia 3\\talendig-campus-provisional-backend\\controllers\\Controller.js:105:37)\n    at addUser (C:\\Users\\styve\\Desktop\\Pasantia\\Pasantia 3\\talendig-campus-provisional-backend\\controllers\\UsuarioController.js:13:20)\n    at newFn (C:\\Users\\styve\\Desktop\\Pasantia\\Pasantia 3\\talendig-campus-provisional-backend\\node_modules\\express-async-errors\\index.js:16:20)\n    at Layer.handle [as handle_request] (C:\\Users\\styve\\Desktop\\Pasantia\\Pasantia 3\\talendig-campus-provisional-backend\\node_modules\\express\\lib\\router\\layer.js:95:5)\n    at next (C:\\Users\\styve\\Desktop\\Pasantia\\Pasantia 3\\talendig-campus-provisional-backend\\node_modules\\express\\lib\\router\\route.js:144:13)\n    at Route.dispatch (C:\\Users\\styve\\Desktop\\Pasantia\\Pasantia 3\\talendig-campus-provisional-backend\\node_modules\\express\\lib\\router\\route.js:114:3)\n    at newFn (C:\\Users\\styve\\Desktop\\Pasantia\\Pasantia 3\\talendig-campus-provisional-backend\\node_modules\\express-async-errors\\index.js:16:20)\n    at Layer.handle [as handle_request] (C:\\Users\\styve\\Desktop\\Pasantia\\Pasantia 3\\talendig-campus-provisional-backend\\node_modules\\express\\lib\\router\\layer.js:95:5)\n    at C:\\Users\\styve\\Desktop\\Pasantia\\Pasantia 3\\talendig-campus-provisional-backend\\node_modules\\express\\lib\\router\\index.js:284:15","timestamp":"2023-05-17T20:28:19.103Z"}
{"level":"info","message":"Express server running","service":"user-service","timestamp":"2023-05-17T20:30:56.912Z"}
{"level":"error","message":"error sucedio Cannot read properties of undefined (reading 'code')","service":"user-service","stack":"TypeError: Cannot read properties of undefined (reading 'code')\n    at Function.sendResponse (C:\\Users\\styve\\Desktop\\Pasantia\\Pasantia 3\\talendig-campus-provisional-backend\\controllers\\Controller.js:14:29)\n    at Function.handleRequest (C:\\Users\\styve\\Desktop\\Pasantia\\Pasantia 3\\talendig-campus-provisional-backend\\controllers\\Controller.js:106:18)\n    at processTicksAndRejections (node:internal/process/task_queues:96:5)\n    at async addUser (C:\\Users\\styve\\Desktop\\Pasantia\\Pasantia 3\\talendig-campus-provisional-backend\\controllers\\UsuarioController.js:13:3)","timestamp":"2023-05-17T20:31:13.939Z"}
{"level":"info","message":"Express server running","service":"user-service","timestamp":"2023-05-17T20:34:32.927Z"}
{"level":"info","message":"Express server running","service":"user-service","timestamp":"2023-05-17T20:46:29.161Z"}
{"level":"info","message":"Express server running","service":"user-service","timestamp":"2023-05-17T20:48:25.678Z"}
{"level":"info","message":"Express server running","service":"user-service","timestamp":"2023-05-17T21:17:54.668Z"}
{"level":"info","message":"Express server running","service":"user-service","timestamp":"2023-05-17T21:31:00.466Z"}
{"_message":"User validation failed","errors":{"accessLvelId":{"kind":"required","message":"Por favor, coloque un nivel acceso","name":"ValidatorError","path":"accessLvelId","properties":{"message":"Por favor, coloque un nivel acceso","path":"accessLvelId","type":"required"}},"statusId":{"kind":"required","message":"Por favor, coloque un estado","name":"ValidatorError","path":"statusId","properties":{"message":"Por favor, coloque un estado","path":"statusId","type":"required"}}},"level":"error","message":"error sucedio User validation failed: accessLvelId: Por favor, coloque un nivel acceso, statusId: Por favor, coloque un estado","service":"user-service","stack":"ValidationError: User validation failed: accessLvelId: Por favor, coloque un nivel acceso, statusId: Por favor, coloque un estado\n    at model.Document.invalidate (C:\\Users\\styve\\Desktop\\Pasantia\\Pasantia 3\\talendig-campus-provisional-backend\\node_modules\\mongoose\\lib\\document.js:3147:32)\n    at C:\\Users\\styve\\Desktop\\Pasantia\\Pasantia 3\\talendig-campus-provisional-backend\\node_modules\\mongoose\\lib\\document.js:2940:17\n    at C:\\Users\\styve\\Desktop\\Pasantia\\Pasantia 3\\talendig-campus-provisional-backend\\node_modules\\mongoose\\lib\\schematype.js:1350:9\n    at processTicksAndRejections (node:internal/process/task_queues:78:11)","timestamp":"2023-05-17T21:34:48.632Z"}
